  Algorithm.cpp
c:\program files (x86)\microsoft visual studio\2017\community\vc\tools\msvc\14.11.25503\include\xmemory0(856): error C2440: 'inicializando': no se puede realizar la conversión de 'initializer list' a 'Node *'
  c:\program files (x86)\microsoft visual studio\2017\community\vc\tools\msvc\14.11.25503\include\xmemory0(856): note: El inicializador contiene demasiados elementos
  c:\program files (x86)\microsoft visual studio\2017\community\vc\tools\msvc\14.11.25503\include\vector(958): note: vea la referencia a la creación de instancias de plantilla de función 'void std::_Default_allocator_traits<_Alloc>::construct<_Ty,T1&,int&>(_Alloc &,_Objty *const ,T1 &,int &)' que se está compilando
          with
          [
              _Alloc=std::allocator<Node *>,
              _Ty=Node *,
              T1=Node *,
              _Objty=Node *
          ]
  c:\program files (x86)\microsoft visual studio\2017\community\vc\tools\msvc\14.11.25503\include\vector(958): note: vea la referencia a la creación de instancias de plantilla de función 'void std::_Default_allocator_traits<_Alloc>::construct<_Ty,T1&,int&>(_Alloc &,_Objty *const ,T1 &,int &)' que se está compilando
          with
          [
              _Alloc=std::allocator<Node *>,
              _Ty=Node *,
              T1=Node *,
              _Objty=Node *
          ]
  c:\program files (x86)\microsoft visual studio\2017\community\vc\tools\msvc\14.11.25503\include\queue(336): note: vea la referencia a la creación de instancias de plantilla de función 'void std::vector<Node *,std::allocator<_Ty>>::emplace_back<T1&,int&>(T1 &,int &)' que se está compilando
          with
          [
              _Ty=Node *,
              T1=Node *
          ]
  d:\enti\3r\pathfinding\sdl_pathfinding\src\algorithm.cpp(67): note: vea la referencia a la creación de instancias de plantilla de función 'void std::priority_queue<Node *,std::vector<Node *,std::allocator<_Ty>>,CompareNodesByTerrain>::emplace<T1&,int&>(T1 &,int &)' que se está compilando
          with
          [
              _Ty=Node *,
              T1=Node *
          ]
  d:\enti\3r\pathfinding\sdl_pathfinding\src\algorithm.cpp(67): note: vea la referencia a la creación de instancias de plantilla de función 'void std::priority_queue<Node *,std::vector<Node *,std::allocator<_Ty>>,CompareNodesByTerrain>::emplace<T1&,int&>(T1 &,int &)' que se está compilando
          with
          [
              _Ty=Node *,
              T1=Node *
          ]
